<?xml version="1.0" encoding="UTF-8"?>
<!-- Generated by org.testng.reporters.JUnitReportReporter -->
<testsuite hostname="DIN13002093" name="com.org.cab.Cab.AppTest" tests="1" failures="0" timestamp="27 Dec 2017 08:18:23 GMT" time="0.000" errors="0">
  <testcase name="testApp" time="0.000" classname="com.org.cab.Cab.AppTest"/>
</testsuite> <!-- com.org.cab.Cab.AppTest -->
